Traceback (most recent call last):
  File "/home/yongokhan/miniconda3/envs/snn/lib/python3.11/site-packages/torch/_jit_internal.py", line 503, in get_type_hint_captures
    src = inspect.getsource(fn)
          ^^^^^^^^^^^^^^^^^^^^^
  File "/home/yongokhan/miniconda3/envs/snn/lib/python3.11/inspect.py", line 1258, in getsource
    lines, lnum = getsourcelines(object)
                  ^^^^^^^^^^^^^^^^^^^^^^
  File "/home/yongokhan/miniconda3/envs/snn/lib/python3.11/inspect.py", line 1240, in getsourcelines
    lines, lnum = findsource(object)
                  ^^^^^^^^^^^^^^^^^^
  File "/home/yongokhan/miniconda3/envs/snn/lib/python3.11/inspect.py", line 1077, in findsource
    raise OSError('could not get source code')
OSError: could not get source code

The above exception was the direct cause of the following exception:

Traceback (most recent call last):
  File "/home/yongokhan/바탕화면/snn/RL_SNN/main.py", line 3, in <module>
    from scenarios.grad_mimicry import run_grad
  File "/home/yongokhan/바탕화면/snn/RL_SNN/scenarios/grad_mimicry.py", line 13, in <module>
    from snn.lif import LIFParams
  File "/home/yongokhan/바탕화면/snn/RL_SNN/snn/lif.py", line 50, in <module>
    lif_dynamics_script = torch.jit.script(lif_dynamics)
                          ^^^^^^^^^^^^^^^^^^^^^^^^^^^^^^
  File "/home/yongokhan/miniconda3/envs/snn/lib/python3.11/site-packages/torch/jit/_script.py", line 1443, in script
    ret = _script_impl(
          ^^^^^^^^^^^^^
  File "/home/yongokhan/miniconda3/envs/snn/lib/python3.11/site-packages/torch/jit/_script.py", line 1214, in _script_impl
    fn = torch._C._jit_script_compile(
         ^^^^^^^^^^^^^^^^^^^^^^^^^^^^^
  File "/home/yongokhan/miniconda3/envs/snn/lib/python3.11/site-packages/torch/jit/annotations.py", line 504, in try_ann_to_type
    return torch.jit._script._recursive_compile_class(ann, loc)
           ^^^^^^^^^^^^^^^^^^^^^^^^^^^^^^^^^^^^^^^^^^^^^^^^^^^^
  File "/home/yongokhan/miniconda3/envs/snn/lib/python3.11/site-packages/torch/jit/_script.py", line 1617, in _recursive_compile_class
    rcb = _jit_internal.createResolutionCallbackForClassMethods(obj)
          ^^^^^^^^^^^^^^^^^^^^^^^^^^^^^^^^^^^^^^^^^^^^^^^^^^^^^^^^^^
  File "/home/yongokhan/miniconda3/envs/snn/lib/python3.11/site-packages/torch/_jit_internal.py", line 591, in createResolutionCallbackForClassMethods
    captures.update(get_type_hint_captures(fn))
                    ^^^^^^^^^^^^^^^^^^^^^^^^^^
  File "/home/yongokhan/miniconda3/envs/snn/lib/python3.11/site-packages/torch/_jit_internal.py", line 505, in get_type_hint_captures
    raise OSError(
OSError: Failed to get source for <function LIFParams.__init__ at 0x729c273553a0> using inspect.getsource
